2025-10-29T17:00:43.606+01:00  INFO 4000 --- [ResProductos] [main] o.i.a.R.ResProductosApplication          : Starting ResProductosApplication using Java 24.0.2 with PID 4000 (C:\Users\dam2\Documents\repositoriosDAM2\accesoADatos\UD2\ResProductos\target\classes started by dam2 in C:\Users\dam2\Documents\repositoriosDAM2\accesoADatos\UD2\ResProductos)
2025-10-29T17:00:43.613+01:00  INFO 4000 --- [ResProductos] [main] o.i.a.R.ResProductosApplication          : No active profile set, falling back to 1 default profile: "default"
2025-10-29T17:00:44.759+01:00  INFO 4000 --- [ResProductos] [main] o.s.b.w.embedded.tomcat.TomcatWebServer  : Tomcat initialized with port 8080 (http)
2025-10-29T17:00:44.781+01:00  INFO 4000 --- [ResProductos] [main] o.apache.catalina.core.StandardService   : Starting service [Tomcat]
2025-10-29T17:00:44.782+01:00  INFO 4000 --- [ResProductos] [main] o.apache.catalina.core.StandardEngine    : Starting Servlet engine: [Apache Tomcat/10.1.46]
2025-10-29T17:00:44.821+01:00  INFO 4000 --- [ResProductos] [main] o.a.c.c.C.[Tomcat].[localhost].[/]       : Initializing Spring embedded WebApplicationContext
2025-10-29T17:00:44.822+01:00  INFO 4000 --- [ResProductos] [main] w.s.c.ServletWebServerApplicationContext : Root WebApplicationContext: initialization completed in 1146 ms
2025-10-29T17:00:45.253+01:00  INFO 4000 --- [ResProductos] [main] o.s.b.w.embedded.tomcat.TomcatWebServer  : Tomcat started on port 8080 (http) with context path '/'
2025-10-29T17:00:45.261+01:00  INFO 4000 --- [ResProductos] [main] o.i.a.R.ResProductosApplication          : Started ResProductosApplication in 2.213 seconds (process running for 2.585)
2025-10-29T17:00:58.620+01:00  INFO 4000 --- [ResProductos] [http-nio-8080-exec-1] o.a.c.c.C.[Tomcat].[localhost].[/]       : Initializing Spring DispatcherServlet 'dispatcherServlet'
2025-10-29T17:01:20.181+01:00  INFO 4000 --- [ResProductos] [SpringApplicationShutdownHook] o.s.b.w.e.tomcat.GracefulShutdown        : Commencing graceful shutdown. Waiting for active requests to complete
2025-10-29T17:01:20.185+01:00  INFO 4000 --- [ResProductos] [tomcat-shutdown] o.s.b.w.e.tomcat.GracefulShutdown        : Graceful shutdown complete
2025-10-29T17:01:26.032+01:00  INFO 13888 --- [ResProductos] [main] o.i.a.R.ResProductosApplication          : Starting ResProductosApplication using Java 24.0.2 with PID 13888 (C:\Users\dam2\Documents\repositoriosDAM2\accesoADatos\UD2\ResProductos\target\classes started by dam2 in C:\Users\dam2\Documents\repositoriosDAM2\accesoADatos\UD2\ResProductos)
2025-10-29T17:01:26.035+01:00  INFO 13888 --- [ResProductos] [main] o.i.a.R.ResProductosApplication          : No active profile set, falling back to 1 default profile: "default"
2025-10-29T17:01:26.991+01:00  INFO 13888 --- [ResProductos] [main] o.s.b.w.embedded.tomcat.TomcatWebServer  : Tomcat initialized with port 8080 (http)
2025-10-29T17:01:27.016+01:00  INFO 13888 --- [ResProductos] [main] o.apache.catalina.core.StandardService   : Starting service [Tomcat]
2025-10-29T17:01:27.016+01:00  INFO 13888 --- [ResProductos] [main] o.apache.catalina.core.StandardEngine    : Starting Servlet engine: [Apache Tomcat/10.1.46]
2025-10-29T17:01:27.075+01:00  INFO 13888 --- [ResProductos] [main] o.a.c.c.C.[Tomcat].[localhost].[/]       : Initializing Spring embedded WebApplicationContext
2025-10-29T17:01:27.076+01:00  INFO 13888 --- [ResProductos] [main] w.s.c.ServletWebServerApplicationContext : Root WebApplicationContext: initialization completed in 980 ms
2025-10-29T17:01:27.470+01:00  INFO 13888 --- [ResProductos] [main] o.s.b.w.embedded.tomcat.TomcatWebServer  : Tomcat started on port 8080 (http) with context path '/'
2025-10-29T17:01:27.478+01:00  INFO 13888 --- [ResProductos] [main] o.i.a.R.ResProductosApplication          : Started ResProductosApplication in 1.923 seconds (process running for 2.233)
2025-10-29T17:01:29.606+01:00  INFO 13888 --- [ResProductos] [http-nio-8080-exec-1] o.a.c.c.C.[Tomcat].[localhost].[/]       : Initializing Spring DispatcherServlet 'dispatcherServlet'
2025-10-29T17:01:43.206+01:00  INFO 13888 --- [ResProductos] [SpringApplicationShutdownHook] o.s.b.w.e.tomcat.GracefulShutdown        : Commencing graceful shutdown. Waiting for active requests to complete
2025-10-29T17:01:43.210+01:00  INFO 13888 --- [ResProductos] [tomcat-shutdown] o.s.b.w.e.tomcat.GracefulShutdown        : Graceful shutdown complete
